2022-10-05 11:16:43 INFO  App:10 - Querry : SELECT * FROM candidate inserted
2022-10-05 12:01:45 INFO  App:10 - Querry : SELECT * FROM [dbo].[candidate]get all candidates
2022-10-05 12:01:59 INFO  App:10 - Querry : SELECT * FROM [dbo].[candidate]get all candidates
2022-10-05 12:02:14 INFO  App:10 - Querry : SELECT * FROM [dbo].[candidate]get all candidates
2022-10-05 12:02:14 INFO  App:10 - Querry : SELECT * FROM [dbo].[candidate]get all candidates
2022-10-05 12:12:35 INFO  App:10 - Querry : SELECT * FROM [dbo].[candidate]get all candidates
2022-10-05 12:12:35 INFO  App:10 - Querry : SELECT * FROM [dbo].[candidate]get all candidates
2022-10-05 12:12:35 INFO  App:10 - Querry : SELECT * FROM [dbo].[candidate]get all candidates
2022-10-05 12:14:21 INFO  App:10 - Querry : SELECT * FROM [dbo].[candidate]get all candidates
2022-10-05 12:14:21 INFO  App:10 - Querry : SELECT * FROM [dbo].[candidate]get all candidates
2022-10-05 12:14:21 INFO  App:10 - Querry : SELECT * FROM [dbo].[candidate]get all candidates
2022-10-05 12:15:31 INFO  App:10 - Querry : SELECT * FROM [dbo].[candidate]get all candidates
2022-10-05 12:15:31 INFO  App:10 - Querry : SELECT * FROM [dbo].[candidate]get all candidates
2022-10-05 12:15:31 INFO  App:10 - Querry : SELECT * FROM [dbo].[candidate]get all candidates
2022-10-05 14:27:20 INFO  App:10 - Querry : SELECT * FROM [dbo].[candidate]get all candidates
2022-10-05 14:27:20 INFO  App:10 - Querry : SELECT * FROM [dbo].[candidate]get all candidates
2022-10-05 14:27:20 INFO  App:10 - Querry : SELECT * FROM [dbo].[candidate]get all candidates
2022-10-05 14:27:35 INFO  App:10 - Querry : SELECT * FROM [dbo].[candidate]get all candidates
2022-10-05 14:27:35 INFO  App:10 - Querry : SELECT * FROM [dbo].[candidate]get all candidates
2022-10-05 14:27:35 INFO  App:10 - Querry : SELECT * FROM [dbo].[candidate]get all candidates
2022-10-05 14:28:04 INFO  App:10 - Querry : SELECT * FROM [dbo].[candidate]get all candidates
2022-10-05 14:28:04 INFO  App:10 - Querry : SELECT * FROM [dbo].[candidate]get all candidates
2022-10-05 14:28:04 INFO  App:10 - Querry : SELECT * FROM [dbo].[candidate]get all candidates
2022-10-05 14:28:17 INFO  App:10 - Querry : SELECT * FROM [dbo].[candidate]get all candidates
2022-10-05 14:28:17 INFO  App:10 - Querry : SELECT * FROM [dbo].[candidate]get all candidates
2022-10-05 14:28:17 INFO  App:10 - Querry : SELECT * FROM [dbo].[candidate]get all candidates
2022-10-05 14:28:59 INFO  App:10 - Querry : SELECT * FROM candidate inserted
2022-10-05 15:50:50 INFO  App:10 - Query : SELECT * FROM [dbo].[candidate]get all candidates
2022-10-05 15:50:50 INFO  App:10 - Query : SELECT * FROM [dbo].[candidate]get all candidates
2022-10-05 15:50:50 INFO  App:10 - Query : SELECT * FROM [dbo].[candidate]get all candidates
2022-10-05 16:05:57 INFO  App:10 - Query : SELECT * FROM [dbo].[candidate]get all candidates
2022-10-05 16:05:57 INFO  App:10 - Query : SELECT * FROM [dbo].[candidate]get all candidates
2022-10-05 16:05:57 INFO  App:10 - Query : SELECT * FROM [dbo].[candidate]get all candidates
2022-10-05 16:11:37 INFO  App:10 - Query : SELECT * FROM [dbo].[candidate]get all candidates
2022-10-05 16:11:37 INFO  App:10 - Query : SELECT * FROM [dbo].[candidate]get all candidates
2022-10-05 16:11:37 INFO  App:10 - Query : SELECT * FROM [dbo].[candidate]get all candidates
2022-10-05 16:13:23 INFO  App:10 - Query : SELECT * FROM [dbo].[candidate]get all candidates
2022-10-05 16:13:23 INFO  App:10 - Query : SELECT * FROM [dbo].[candidate]get all candidates
2022-10-05 16:13:23 INFO  App:10 - Query : SELECT * FROM [dbo].[candidate]get all candidates
2022-10-06 13:34:22 INFO  App:10 - Query : SELECT * FROM [dbo].[candidate]get all candidates
2022-10-06 13:34:22 INFO  App:10 - Query : SELECT * FROM [dbo].[candidate]get all candidates
2022-10-06 13:34:22 INFO  App:10 - Query : SELECT * FROM [dbo].[candidate]get all candidates
2022-10-06 13:34:28 INFO  App:10 - Query : SELECT * FROM [dbo].[candidate]get all candidates
2022-10-06 13:34:28 INFO  App:10 - Query : SELECT * FROM [dbo].[candidate]get all candidates
2022-10-06 13:34:28 INFO  App:10 - Query : SELECT * FROM [dbo].[candidate]get all candidates
2022-10-07 20:01:39 INFO  App:10 - Query : SELECT * FROM [dbo].[candidate]get all candidates
2022-10-07 20:01:39 INFO  App:10 - Query : SELECT * FROM [dbo].[candidate]get all candidates
2022-10-07 20:01:39 INFO  App:10 - Query : SELECT * FROM [dbo].[candidate]get all candidates
2022-10-08 18:00:48 INFO  App:10 - Query : SELECT * FROM [dbo].[candidate]get all candidates
2022-10-08 18:00:48 INFO  App:10 - Query : SELECT * FROM [dbo].[candidate]get all candidates
2022-10-08 18:00:48 INFO  App:10 - Query : SELECT * FROM [dbo].[candidate]get all candidates
2022-10-10 14:27:02 INFO  App:10 - Query : SELECT * FROM [dbo].[candidate]get all candidates
2022-10-10 14:27:02 INFO  App:10 - Query : SELECT * FROM [dbo].[candidate]get all candidates
2022-10-10 14:27:02 INFO  App:10 - Query : SELECT * FROM [dbo].[candidate]get all candidates
2022-10-11 08:52:14 INFO  App:10 - Query : SELECT * FROM [dbo].[candidate]get all candidates
2022-10-11 08:52:14 INFO  App:10 - Query : SELECT * FROM [dbo].[candidate]get all candidates
2022-10-11 08:52:14 INFO  App:10 - Query : SELECT * FROM [dbo].[candidate]get all candidates
2022-10-12 08:59:50 INFO  App:10 - Query : SELECT * FROM [dbo].[candidate]get all candidates
2022-10-12 08:59:50 INFO  App:10 - Query : SELECT * FROM [dbo].[candidate]get all candidates
2022-10-12 08:59:50 INFO  App:10 - Query : SELECT * FROM [dbo].[candidate]get all candidates
2022-10-12 09:00:49 INFO  App:10 - Query : SELECT * FROM candidate inserted
2022-10-12 09:00:49 INFO  App:10 - Query : SQLServerPreparedStatement:7 insert
2022-10-12 09:07:44 INFO  App:10 - Query : SELECT * FROM [dbo].[candidate]get all candidates
2022-10-12 09:07:44 INFO  App:10 - Query : SELECT * FROM [dbo].[candidate]get all candidates
2022-10-12 09:07:44 INFO  App:10 - Query : SELECT * FROM [dbo].[candidate]get all candidates
2022-10-12 09:08:08 INFO  App:10 - Query : SELECT * FROM [dbo].[candidate]get all candidates
2022-10-12 09:08:08 INFO  App:10 - Query : SELECT * FROM [dbo].[candidate]get all candidates
2022-10-12 09:08:09 INFO  App:10 - Query : SELECT * FROM [dbo].[candidate]get all candidates
2022-10-12 09:08:39 INFO  App:10 - Query : SELECT * FROM candidate inserted
2022-10-12 09:08:39 INFO  App:10 - Query : SQLServerPreparedStatement:7 insert
2022-10-12 09:22:29 INFO  App:10 - Query : SELECT * FROM [dbo].[candidate]get all candidates
2022-10-12 09:22:29 INFO  App:10 - Query : SELECT * FROM [dbo].[candidate]get all candidates
2022-10-12 09:22:29 INFO  App:10 - Query : SELECT * FROM [dbo].[candidate]get all candidates
2022-10-12 09:22:51 INFO  App:10 - Query : SELECT * FROM candidate inserted
2022-10-12 09:24:21 INFO  App:10 - Query : SELECT * FROM [dbo].[candidate]get all candidates
2022-10-12 09:24:21 INFO  App:10 - Query : SELECT * FROM [dbo].[candidate]get all candidates
2022-10-12 09:24:21 INFO  App:10 - Query : SELECT * FROM [dbo].[candidate]get all candidates
2022-10-12 09:24:43 INFO  App:10 - Query : SELECT * FROM candidate inserted
2022-10-12 09:24:43 INFO  App:10 - Query : SQLServerPreparedStatement:7 insert
2022-10-12 10:08:19 INFO  App:10 - Query : SELECT * FROM [dbo].[candidate]get all candidates
2022-10-12 10:08:19 INFO  App:10 - Query : SELECT * FROM [dbo].[candidate]get all candidates
2022-10-12 10:08:19 INFO  App:10 - Query : SELECT * FROM [dbo].[candidate]get all candidates
2022-10-12 10:08:41 INFO  App:10 - Query : SELECT * FROM candidate inserted
2022-10-12 10:08:41 INFO  App:10 - Query : SQLServerPreparedStatement:7
2022-10-12 10:24:26 INFO  App:10 - Query : SELECT * FROM [dbo].[candidate]get all candidates
2022-10-12 10:24:26 INFO  App:10 - Query : SELECT * FROM [dbo].[candidate]get all candidates
2022-10-12 10:24:26 INFO  App:10 - Query : SELECT * FROM [dbo].[candidate]get all candidates
2022-10-12 10:24:43 INFO  App:10 - Query : SELECT * FROM candidate inserted
2022-10-12 10:24:43 INFO  App:10 - Query : INSERT INTO [dbo].[candidate] values(?,?,?,?,?,?,?,?,?,?,?,?,?,?) SQLServerParameterMetaData:1
2022-10-12 10:26:27 INFO  App:10 - Query : SELECT * FROM [dbo].[candidate]get all candidates
2022-10-12 10:26:27 INFO  App:10 - Query : SELECT * FROM [dbo].[candidate]get all candidates
2022-10-12 10:26:27 INFO  App:10 - Query : SELECT * FROM [dbo].[candidate]get all candidates
2022-10-12 10:26:47 INFO  App:10 - Query : SELECT * FROM candidate inserted
2022-10-12 10:39:11 INFO  App:10 - Query : SELECT * FROM [dbo].[candidate]get all candidates
2022-10-12 10:39:11 INFO  App:10 - Query : SELECT * FROM [dbo].[candidate]get all candidates
2022-10-12 10:39:11 INFO  App:10 - Query : SELECT * FROM [dbo].[candidate]get all candidates
2022-10-12 10:39:31 INFO  App:10 - Query : SELECT * FROM candidate inserted
